#! /c/Source/iverilog-install/bin/vvp
:ivl_version "12.0 (devel)" "(s20150603-1110-g18392a46)";
:ivl_delay_selection "TYPICAL";
:vpi_time_precision - 9;
:vpi_module "D:\iverilog\lib\ivl\system.vpi";
:vpi_module "D:\iverilog\lib\ivl\vhdl_sys.vpi";
:vpi_module "D:\iverilog\lib\ivl\vhdl_textio.vpi";
:vpi_module "D:\iverilog\lib\ivl\v2005_math.vpi";
:vpi_module "D:\iverilog\lib\ivl\va_math.vpi";
S_000001e99cce2450 .scope module, "test" "test" 2 5;
 .timescale -8 -9;
P_000001e99ccdd250 .param/real "CYCLE" 0 2 15, Cr<m4000000000000000gfc2>; value=1.00000
v000001e99cd30aa0_0 .var "clk", 0 0;
v000001e99cd30be0_0 .net "ram_addr", 7 0, L_000001e99cd33a00;  1 drivers
v000001e99cd30c80_0 .net "ram_d_in", 7 0, L_000001e99cd347c0;  1 drivers
v000001e99cd30f00_0 .net "ram_d_out", 7 0, v000001e99cd321c0_0;  1 drivers
v000001e99cd31040_0 .net "ram_rd_", 0 0, v000001e99cd31f40_0;  1 drivers
v000001e99cd32ec0_0 .net "ram_wr_", 0 0, v000001e99cd31540_0;  1 drivers
v000001e99cd333c0_0 .net "rom_addr", 7 0, v000001e99ccd2d30_0;  1 drivers
v000001e99cd32d80_0 .net "rom_data", 23 0, L_000001e99cd32f60;  1 drivers
v000001e99cd33e60_0 .var "rst_", 0 0;
S_000001e99cce5bb0 .scope module, "minicpu" "minicpu" 2 32, 3 10 0, S_000001e99cce2450;
 .timescale 0 0;
    .port_info 0 /OUTPUT 8 "ram_addr";
    .port_info 1 /OUTPUT 8 "ram_d_in";
    .port_info 2 /INPUT 8 "ram_d_out";
    .port_info 3 /OUTPUT 1 "ram_rd_";
    .port_info 4 /OUTPUT 1 "ram_wr_";
    .port_info 5 /OUTPUT 8 "rom_addr";
    .port_info 6 /INPUT 24 "rom_data";
    .port_info 7 /INPUT 1 "clk";
    .port_info 8 /INPUT 1 "rst_";
L_000001e99ccc91a0 .functor OR 1, L_000001e99cd330a0, L_000001e99cd33140, C4<0>, C4<0>;
L_000001e99ccc9830 .functor OR 1, L_000001e99cd349a0, L_000001e99cd336e0, C4<0>, C4<0>;
L_000001e99ccc9980 .functor OR 1, L_000001e99ccc9830, L_000001e99cd33f00, C4<0>, C4<0>;
L_000001e99ccc99f0 .functor OR 1, L_000001e99ccc9980, L_000001e99cd34360, C4<0>, C4<0>;
L_000001e99ccc9130 .functor NOT 1, v000001e99cd33e60_0, C4<0>, C4<0>, C4<0>;
L_000001e99ccc9440 .functor OR 1, L_000001e99cd34680, L_000001e99cd33960, C4<0>, C4<0>;
L_000001e99ccc98a0 .functor OR 1, L_000001e99cd33b40, L_000001e99cd33c80, C4<0>, C4<0>;
v000001e99cd2f3f0_0 .net *"_ivl_1", 3 0, L_000001e99cd335a0;  1 drivers
v000001e99cd2f5d0_0 .net *"_ivl_10", 0 0, L_000001e99cd33140;  1 drivers
L_000001e99d133590 .functor BUFT 1, C4<1000>, C4<0>, C4<0>, C4<0>;
v000001e99cd2ee50_0 .net/2u *"_ivl_100", 3 0, L_000001e99d133590;  1 drivers
v000001e99cd30110_0 .net *"_ivl_102", 0 0, L_000001e99cd33b40;  1 drivers
v000001e99cd301b0_0 .net *"_ivl_105", 3 0, L_000001e99cd33be0;  1 drivers
L_000001e99d1335d8 .functor BUFT 1, C4<1010>, C4<0>, C4<0>, C4<0>;
v000001e99cd30250_0 .net/2u *"_ivl_106", 3 0, L_000001e99d1335d8;  1 drivers
v000001e99cd2f2b0_0 .net *"_ivl_108", 0 0, L_000001e99cd33c80;  1 drivers
v000001e99cd2f0d0_0 .net *"_ivl_111", 0 0, L_000001e99ccc98a0;  1 drivers
v000001e99cd2f490_0 .net *"_ivl_112", 7 0, L_000001e99cd33dc0;  1 drivers
v000001e99cd2f670_0 .net *"_ivl_13", 0 0, L_000001e99ccc91a0;  1 drivers
L_000001e99d133230 .functor BUFT 1, C4<111>, C4<0>, C4<0>, C4<0>;
v000001e99cd2ed10_0 .net/2u *"_ivl_14", 2 0, L_000001e99d133230;  1 drivers
v000001e99cd2fa30_0 .net *"_ivl_17", 2 0, L_000001e99cd34400;  1 drivers
L_000001e99d1331a0 .functor BUFT 1, C4<1011>, C4<0>, C4<0>, C4<0>;
v000001e99cd2ea90_0 .net/2u *"_ivl_2", 3 0, L_000001e99d1331a0;  1 drivers
v000001e99cd2fe90_0 .net *"_ivl_21", 3 0, L_000001e99cd342c0;  1 drivers
L_000001e99d133278 .functor BUFT 1, C4<1010>, C4<0>, C4<0>, C4<0>;
v000001e99cd2e3b0_0 .net/2u *"_ivl_22", 3 0, L_000001e99d133278;  1 drivers
v000001e99cd2fad0_0 .net *"_ivl_24", 0 0, L_000001e99cd349a0;  1 drivers
v000001e99cd2fd50_0 .net *"_ivl_27", 3 0, L_000001e99cd331e0;  1 drivers
L_000001e99d1332c0 .functor BUFT 1, C4<1011>, C4<0>, C4<0>, C4<0>;
v000001e99cd2f530_0 .net/2u *"_ivl_28", 3 0, L_000001e99d1332c0;  1 drivers
v000001e99cd2e450_0 .net *"_ivl_30", 0 0, L_000001e99cd336e0;  1 drivers
v000001e99cd2e4f0_0 .net *"_ivl_33", 0 0, L_000001e99ccc9830;  1 drivers
v000001e99cd2e770_0 .net *"_ivl_35", 3 0, L_000001e99cd340e0;  1 drivers
L_000001e99d133308 .functor BUFT 1, C4<1100>, C4<0>, C4<0>, C4<0>;
v000001e99cd2e590_0 .net/2u *"_ivl_36", 3 0, L_000001e99d133308;  1 drivers
v000001e99cd2f710_0 .net *"_ivl_38", 0 0, L_000001e99cd33f00;  1 drivers
v000001e99cd2e630_0 .net *"_ivl_4", 0 0, L_000001e99cd330a0;  1 drivers
v000001e99cd2e6d0_0 .net *"_ivl_41", 0 0, L_000001e99ccc9980;  1 drivers
v000001e99cd2e810_0 .net *"_ivl_43", 3 0, L_000001e99cd33280;  1 drivers
L_000001e99d133350 .functor BUFT 1, C4<1101>, C4<0>, C4<0>, C4<0>;
v000001e99cd2eef0_0 .net/2u *"_ivl_44", 3 0, L_000001e99d133350;  1 drivers
v000001e99cd2f990_0 .net *"_ivl_46", 0 0, L_000001e99cd34360;  1 drivers
v000001e99cd2fb70_0 .net *"_ivl_49", 0 0, L_000001e99ccc99f0;  1 drivers
L_000001e99d133398 .functor BUFT 1, C4<111>, C4<0>, C4<0>, C4<0>;
v000001e99cd2ec70_0 .net/2u *"_ivl_50", 2 0, L_000001e99d133398;  1 drivers
v000001e99cd2ffd0_0 .net *"_ivl_53", 2 0, L_000001e99cd33320;  1 drivers
v000001e99cd2e8b0_0 .net *"_ivl_59", 3 0, L_000001e99cd344a0;  1 drivers
L_000001e99d1333e0 .functor BUFT 1, C4<0111>, C4<0>, C4<0>, C4<0>;
v000001e99cd2f170_0 .net/2u *"_ivl_60", 3 0, L_000001e99d1333e0;  1 drivers
v000001e99cd2fc10_0 .net *"_ivl_62", 0 0, L_000001e99cd34180;  1 drivers
L_000001e99d133428 .functor BUFT 1, C4<00000000>, C4<0>, C4<0>, C4<0>;
v000001e99cd2f7b0_0 .net/2u *"_ivl_64", 7 0, L_000001e99d133428;  1 drivers
v000001e99cd2f850_0 .net *"_ivl_67", 3 0, L_000001e99cd33820;  1 drivers
L_000001e99d133470 .functor BUFT 1, C4<1000>, C4<0>, C4<0>, C4<0>;
v000001e99cd2ef90_0 .net/2u *"_ivl_68", 3 0, L_000001e99d133470;  1 drivers
v000001e99cd2f350_0 .net *"_ivl_7", 3 0, L_000001e99cd33780;  1 drivers
v000001e99cd2eb30_0 .net *"_ivl_70", 0 0, L_000001e99cd33640;  1 drivers
v000001e99cd2e950_0 .net *"_ivl_72", 7 0, L_000001e99cd338c0;  1 drivers
v000001e99cd2f8f0_0 .net *"_ivl_77", 3 0, L_000001e99cd33d20;  1 drivers
L_000001e99d1334b8 .functor BUFT 1, C4<1011>, C4<0>, C4<0>, C4<0>;
v000001e99cd2fcb0_0 .net/2u *"_ivl_78", 3 0, L_000001e99d1334b8;  1 drivers
L_000001e99d1331e8 .functor BUFT 1, C4<1101>, C4<0>, C4<0>, C4<0>;
v000001e99cd2e9f0_0 .net/2u *"_ivl_8", 3 0, L_000001e99d1331e8;  1 drivers
v000001e99cd2ebd0_0 .net *"_ivl_80", 0 0, L_000001e99cd34680;  1 drivers
v000001e99cd2fdf0_0 .net *"_ivl_83", 3 0, L_000001e99cd34b80;  1 drivers
L_000001e99d133500 .functor BUFT 1, C4<1101>, C4<0>, C4<0>, C4<0>;
v000001e99cd2ff30_0 .net/2u *"_ivl_84", 3 0, L_000001e99d133500;  1 drivers
v000001e99cd30070_0 .net *"_ivl_86", 0 0, L_000001e99cd33960;  1 drivers
v000001e99cd2edb0_0 .net *"_ivl_89", 0 0, L_000001e99ccc9440;  1 drivers
v000001e99cd2f030_0 .net *"_ivl_93", 3 0, L_000001e99cd34540;  1 drivers
L_000001e99d133548 .functor BUFT 1, C4<1100>, C4<0>, C4<0>, C4<0>;
v000001e99cd2f210_0 .net/2u *"_ivl_94", 3 0, L_000001e99d133548;  1 drivers
v000001e99cd31360_0 .net *"_ivl_96", 0 0, L_000001e99cd33aa0;  1 drivers
v000001e99cd30820_0 .net *"_ivl_99", 3 0, L_000001e99cd34720;  1 drivers
v000001e99cd31400_0 .var "aluB", 7 0;
v000001e99cd31c20_0 .net "cc", 1 0, v000001e99ccd2b50_0;  1 drivers
v000001e99cd31cc0_0 .net "clk", 0 0, v000001e99cd30aa0_0;  1 drivers
v000001e99cd31220_0 .var "dstE", 2 0;
v000001e99cd303c0_0 .var "dstM", 2 0;
v000001e99cd31680_0 .var "new_pc", 7 0;
v000001e99cd314a0_0 .var "op", 3 0;
v000001e99cd315e0_0 .net "ram_addr", 7 0, L_000001e99cd33a00;  alias, 1 drivers
v000001e99cd32260_0 .net "ram_d_in", 7 0, L_000001e99cd347c0;  alias, 1 drivers
v000001e99cd31b80_0 .net "ram_d_out", 7 0, v000001e99cd321c0_0;  alias, 1 drivers
v000001e99cd31f40_0 .var "ram_rd_", 0 0;
v000001e99cd31540_0 .var "ram_wr_", 0 0;
v000001e99cd31720_0 .net "rom_addr", 7 0, v000001e99ccd2d30_0;  alias, 1 drivers
v000001e99cd31d60_0 .net "rom_data", 23 0, L_000001e99cd32f60;  alias, 1 drivers
v000001e99cd32120_0 .net "rst_", 0 0, v000001e99cd33e60_0;  1 drivers
v000001e99cd317c0_0 .net "valA", 7 0, v000001e99ccd1c50_0;  1 drivers
v000001e99cd30460_0 .net "valB", 7 0, v000001e99ccd1cf0_0;  1 drivers
v000001e99cd30e60_0 .net "valE", 7 0, v000001e99ccd2830_0;  1 drivers
v000001e99cd31ea0_0 .var "valP", 7 0;
E_000001e99ccdc810/0 .event anyedge, v000001e99cd31d60_0, v000001e99ccd1ed0_0, v000001e99cd31ea0_0, v000001e99ccd2830_0;
E_000001e99ccdc810/1 .event anyedge, v000001e99ccd2b50_0;
E_000001e99ccdc810 .event/or E_000001e99ccdc810/0, E_000001e99ccdc810/1;
E_000001e99ccdd010 .event anyedge, v000001e99cd31d60_0, v000001e99ccd1a70_0;
E_000001e99ccdced0 .event anyedge, v000001e99cd31d60_0, v000001e99ccd1c50_0, v000001e99ccd1cf0_0;
E_000001e99ccdc890 .event anyedge, v000001e99ccd2d30_0, v000001e99cd31d60_0;
L_000001e99cd335a0 .part L_000001e99cd32f60, 20, 4;
L_000001e99cd330a0 .cmp/eq 4, L_000001e99cd335a0, L_000001e99d1331a0;
L_000001e99cd33780 .part L_000001e99cd32f60, 20, 4;
L_000001e99cd33140 .cmp/eq 4, L_000001e99cd33780, L_000001e99d1331e8;
L_000001e99cd34400 .part L_000001e99cd32f60, 12, 3;
L_000001e99cd34040 .functor MUXZ 3, L_000001e99cd34400, L_000001e99d133230, L_000001e99ccc91a0, C4<>;
L_000001e99cd342c0 .part L_000001e99cd32f60, 20, 4;
L_000001e99cd349a0 .cmp/eq 4, L_000001e99cd342c0, L_000001e99d133278;
L_000001e99cd331e0 .part L_000001e99cd32f60, 20, 4;
L_000001e99cd336e0 .cmp/eq 4, L_000001e99cd331e0, L_000001e99d1332c0;
L_000001e99cd340e0 .part L_000001e99cd32f60, 20, 4;
L_000001e99cd33f00 .cmp/eq 4, L_000001e99cd340e0, L_000001e99d133308;
L_000001e99cd33280 .part L_000001e99cd32f60, 20, 4;
L_000001e99cd34360 .cmp/eq 4, L_000001e99cd33280, L_000001e99d133350;
L_000001e99cd33320 .part L_000001e99cd32f60, 8, 3;
L_000001e99cd33500 .functor MUXZ 3, L_000001e99cd33320, L_000001e99d133398, L_000001e99ccc99f0, C4<>;
L_000001e99cd344a0 .part L_000001e99cd32f60, 20, 4;
L_000001e99cd34180 .cmp/eq 4, L_000001e99cd344a0, L_000001e99d1333e0;
L_000001e99cd33820 .part L_000001e99cd32f60, 20, 4;
L_000001e99cd33640 .cmp/eq 4, L_000001e99cd33820, L_000001e99d133470;
L_000001e99cd338c0 .functor MUXZ 8, v000001e99ccd1c50_0, v000001e99ccd1cf0_0, L_000001e99cd33640, C4<>;
L_000001e99cd34a40 .functor MUXZ 8, L_000001e99cd338c0, L_000001e99d133428, L_000001e99cd34180, C4<>;
L_000001e99cd33d20 .part L_000001e99cd32f60, 20, 4;
L_000001e99cd34680 .cmp/eq 4, L_000001e99cd33d20, L_000001e99d1334b8;
L_000001e99cd34b80 .part L_000001e99cd32f60, 20, 4;
L_000001e99cd33960 .cmp/eq 4, L_000001e99cd34b80, L_000001e99d133500;
L_000001e99cd33a00 .functor MUXZ 8, v000001e99ccd2830_0, v000001e99ccd1c50_0, L_000001e99ccc9440, C4<>;
L_000001e99cd34540 .part L_000001e99cd32f60, 20, 4;
L_000001e99cd33aa0 .cmp/eq 4, L_000001e99cd34540, L_000001e99d133548;
L_000001e99cd34720 .part L_000001e99cd32f60, 20, 4;
L_000001e99cd33b40 .cmp/eq 4, L_000001e99cd34720, L_000001e99d133590;
L_000001e99cd33be0 .part L_000001e99cd32f60, 20, 4;
L_000001e99cd33c80 .cmp/eq 4, L_000001e99cd33be0, L_000001e99d1335d8;
L_000001e99cd33dc0 .functor MUXZ 8, v000001e99ccd1cf0_0, v000001e99ccd1c50_0, L_000001e99ccc98a0, C4<>;
L_000001e99cd347c0 .functor MUXZ 8, L_000001e99cd33dc0, v000001e99cd31ea0_0, L_000001e99cd33aa0, C4<>;
S_000001e99cce5d40 .scope module, "ALU" "ALU" 3 70, 4 7 0, S_000001e99cce5bb0;
 .timescale -8 -9;
    .port_info 0 /INPUT 8 "A";
    .port_info 1 /INPUT 8 "B";
    .port_info 2 /OUTPUT 8 "E";
    .port_info 3 /INPUT 4 "op";
    .port_info 4 /OUTPUT 2 "cc";
v000001e99ccd1890_0 .net "A", 7 0, L_000001e99cd34a40;  1 drivers
v000001e99ccd2790_0 .net "B", 7 0, v000001e99cd31400_0;  1 drivers
v000001e99ccd2830_0 .var "E", 7 0;
v000001e99ccd2b50_0 .var "cc", 1 0;
v000001e99ccd2bf0_0 .net "op", 3 0, v000001e99cd314a0_0;  1 drivers
E_000001e99ccdc650 .event anyedge, v000001e99ccd2bf0_0, v000001e99ccd1890_0, v000001e99ccd2790_0, v000001e99ccd2830_0;
S_000001e99cc9f8f0 .scope module, "PC" "PC" 3 34, 5 5 0, S_000001e99cce5bb0;
 .timescale -8 -9;
    .port_info 0 /INPUT 8 "new_pc";
    .port_info 1 /OUTPUT 8 "pc";
    .port_info 2 /INPUT 1 "clk";
    .port_info 3 /INPUT 1 "rst_";
v000001e99ccd2dd0_0 .net "clk", 0 0, v000001e99cd30aa0_0;  alias, 1 drivers
v000001e99ccd2c90_0 .net "new_pc", 7 0, v000001e99cd31680_0;  1 drivers
v000001e99ccd2d30_0 .var "pc", 7 0;
v000001e99ccd1a70_0 .net "rst_", 0 0, v000001e99cd33e60_0;  alias, 1 drivers
E_000001e99ccdc910/0 .event negedge, v000001e99ccd1a70_0;
E_000001e99ccdc910/1 .event posedge, v000001e99ccd2dd0_0;
E_000001e99ccdc910 .event/or E_000001e99ccdc910/0, E_000001e99ccdc910/1;
S_000001e99cc9fa80 .scope module, "regfile" "regfile" 3 50, 6 6 0, S_000001e99cce5bb0;
 .timescale -8 -9;
    .port_info 0 /INPUT 3 "srcA";
    .port_info 1 /INPUT 3 "srcB";
    .port_info 2 /OUTPUT 8 "valA";
    .port_info 3 /OUTPUT 8 "valB";
    .port_info 4 /INPUT 3 "dstM";
    .port_info 5 /INPUT 3 "dstE";
    .port_info 6 /INPUT 8 "valM";
    .port_info 7 /INPUT 8 "valE";
    .port_info 8 /INPUT 1 "clk";
    .port_info 9 /INPUT 1 "we_";
v000001e99ccd3410_0 .net "clk", 0 0, v000001e99cd30aa0_0;  alias, 1 drivers
v000001e99ccd2f10_0 .net "dstE", 2 0, v000001e99cd31220_0;  1 drivers
v000001e99ccd3550_0 .net "dstM", 2 0, v000001e99cd303c0_0;  1 drivers
v000001e99ccd35f0 .array "rf", 1 7, 7 0;
v000001e99ccd3050_0 .net "srcA", 2 0, L_000001e99cd34040;  1 drivers
v000001e99ccd1b10_0 .net "srcB", 2 0, L_000001e99cd33500;  1 drivers
v000001e99ccd1c50_0 .var "valA", 7 0;
v000001e99ccd1cf0_0 .var "valB", 7 0;
v000001e99ccd1d90_0 .net "valE", 7 0, v000001e99ccd2830_0;  alias, 1 drivers
v000001e99ccd1ed0_0 .net "valM", 7 0, v000001e99cd321c0_0;  alias, 1 drivers
v000001e99ccd1f70_0 .net "we_", 0 0, L_000001e99ccc9130;  1 drivers
E_000001e99ccdc510 .event posedge, v000001e99ccd2dd0_0;
v000001e99ccd35f0_0 .array/port v000001e99ccd35f0, 0;
v000001e99ccd35f0_1 .array/port v000001e99ccd35f0, 1;
v000001e99ccd35f0_2 .array/port v000001e99ccd35f0, 2;
E_000001e99ccdc550/0 .event anyedge, v000001e99ccd3050_0, v000001e99ccd35f0_0, v000001e99ccd35f0_1, v000001e99ccd35f0_2;
v000001e99ccd35f0_3 .array/port v000001e99ccd35f0, 3;
v000001e99ccd35f0_4 .array/port v000001e99ccd35f0, 4;
v000001e99ccd35f0_5 .array/port v000001e99ccd35f0, 5;
v000001e99ccd35f0_6 .array/port v000001e99ccd35f0, 6;
E_000001e99ccdc550/1 .event anyedge, v000001e99ccd35f0_3, v000001e99ccd35f0_4, v000001e99ccd35f0_5, v000001e99ccd35f0_6;
E_000001e99ccdc550/2 .event anyedge, v000001e99ccd1b10_0, v000001e99ccd1c50_0, v000001e99ccd1cf0_0;
E_000001e99ccdc550 .event/or E_000001e99ccdc550/0, E_000001e99ccdc550/1, E_000001e99ccdc550/2;
S_000001e99cc9fc10 .scope module, "ram" "ram" 2 18, 7 5 0, S_000001e99cce2450;
 .timescale -8 -9;
    .port_info 0 /INPUT 8 "addr";
    .port_info 1 /OUTPUT 8 "d_out";
    .port_info 2 /INPUT 8 "d_in";
    .port_info 3 /INPUT 1 "rd_";
    .port_info 4 /INPUT 1 "wr_";
    .port_info 5 /INPUT 1 "clk";
P_000001e99ccdc710 .param/l "BYTES" 0 7 14, +C4<00000000000000000000000100000000>;
v000001e99cd30d20_0 .net "addr", 7 0, L_000001e99cd33a00;  alias, 1 drivers
v000001e99cd312c0_0 .net "clk", 0 0, v000001e99cd30aa0_0;  alias, 1 drivers
v000001e99cd31860_0 .net "d_in", 7 0, L_000001e99cd347c0;  alias, 1 drivers
v000001e99cd321c0_0 .var "d_out", 7 0;
v000001e99cd30780_0 .var/i "i", 31 0;
v000001e99cd308c0 .array "mem", 0 255, 7 0;
v000001e99cd31900_0 .net "rd_", 0 0, v000001e99cd31f40_0;  alias, 1 drivers
v000001e99cd319a0_0 .net "wr_", 0 0, v000001e99cd31540_0;  alias, 1 drivers
E_000001e99ccdc9d0 .event negedge, v000001e99ccd2dd0_0;
v000001e99cd308c0_0 .array/port v000001e99cd308c0, 0;
v000001e99cd308c0_1 .array/port v000001e99cd308c0, 1;
E_000001e99ccdca10/0 .event anyedge, v000001e99cd31f40_0, v000001e99cd315e0_0, v000001e99cd308c0_0, v000001e99cd308c0_1;
v000001e99cd308c0_2 .array/port v000001e99cd308c0, 2;
v000001e99cd308c0_3 .array/port v000001e99cd308c0, 3;
v000001e99cd308c0_4 .array/port v000001e99cd308c0, 4;
v000001e99cd308c0_5 .array/port v000001e99cd308c0, 5;
E_000001e99ccdca10/1 .event anyedge, v000001e99cd308c0_2, v000001e99cd308c0_3, v000001e99cd308c0_4, v000001e99cd308c0_5;
v000001e99cd308c0_6 .array/port v000001e99cd308c0, 6;
v000001e99cd308c0_7 .array/port v000001e99cd308c0, 7;
v000001e99cd308c0_8 .array/port v000001e99cd308c0, 8;
v000001e99cd308c0_9 .array/port v000001e99cd308c0, 9;
E_000001e99ccdca10/2 .event anyedge, v000001e99cd308c0_6, v000001e99cd308c0_7, v000001e99cd308c0_8, v000001e99cd308c0_9;
v000001e99cd308c0_10 .array/port v000001e99cd308c0, 10;
v000001e99cd308c0_11 .array/port v000001e99cd308c0, 11;
v000001e99cd308c0_12 .array/port v000001e99cd308c0, 12;
v000001e99cd308c0_13 .array/port v000001e99cd308c0, 13;
E_000001e99ccdca10/3 .event anyedge, v000001e99cd308c0_10, v000001e99cd308c0_11, v000001e99cd308c0_12, v000001e99cd308c0_13;
v000001e99cd308c0_14 .array/port v000001e99cd308c0, 14;
v000001e99cd308c0_15 .array/port v000001e99cd308c0, 15;
v000001e99cd308c0_16 .array/port v000001e99cd308c0, 16;
v000001e99cd308c0_17 .array/port v000001e99cd308c0, 17;
E_000001e99ccdca10/4 .event anyedge, v000001e99cd308c0_14, v000001e99cd308c0_15, v000001e99cd308c0_16, v000001e99cd308c0_17;
v000001e99cd308c0_18 .array/port v000001e99cd308c0, 18;
v000001e99cd308c0_19 .array/port v000001e99cd308c0, 19;
v000001e99cd308c0_20 .array/port v000001e99cd308c0, 20;
v000001e99cd308c0_21 .array/port v000001e99cd308c0, 21;
E_000001e99ccdca10/5 .event anyedge, v000001e99cd308c0_18, v000001e99cd308c0_19, v000001e99cd308c0_20, v000001e99cd308c0_21;
v000001e99cd308c0_22 .array/port v000001e99cd308c0, 22;
v000001e99cd308c0_23 .array/port v000001e99cd308c0, 23;
v000001e99cd308c0_24 .array/port v000001e99cd308c0, 24;
v000001e99cd308c0_25 .array/port v000001e99cd308c0, 25;
E_000001e99ccdca10/6 .event anyedge, v000001e99cd308c0_22, v000001e99cd308c0_23, v000001e99cd308c0_24, v000001e99cd308c0_25;
v000001e99cd308c0_26 .array/port v000001e99cd308c0, 26;
v000001e99cd308c0_27 .array/port v000001e99cd308c0, 27;
v000001e99cd308c0_28 .array/port v000001e99cd308c0, 28;
v000001e99cd308c0_29 .array/port v000001e99cd308c0, 29;
E_000001e99ccdca10/7 .event anyedge, v000001e99cd308c0_26, v000001e99cd308c0_27, v000001e99cd308c0_28, v000001e99cd308c0_29;
v000001e99cd308c0_30 .array/port v000001e99cd308c0, 30;
v000001e99cd308c0_31 .array/port v000001e99cd308c0, 31;
v000001e99cd308c0_32 .array/port v000001e99cd308c0, 32;
v000001e99cd308c0_33 .array/port v000001e99cd308c0, 33;
E_000001e99ccdca10/8 .event anyedge, v000001e99cd308c0_30, v000001e99cd308c0_31, v000001e99cd308c0_32, v000001e99cd308c0_33;
v000001e99cd308c0_34 .array/port v000001e99cd308c0, 34;
v000001e99cd308c0_35 .array/port v000001e99cd308c0, 35;
v000001e99cd308c0_36 .array/port v000001e99cd308c0, 36;
v000001e99cd308c0_37 .array/port v000001e99cd308c0, 37;
E_000001e99ccdca10/9 .event anyedge, v000001e99cd308c0_34, v000001e99cd308c0_35, v000001e99cd308c0_36, v000001e99cd308c0_37;
v000001e99cd308c0_38 .array/port v000001e99cd308c0, 38;
v000001e99cd308c0_39 .array/port v000001e99cd308c0, 39;
v000001e99cd308c0_40 .array/port v000001e99cd308c0, 40;
v000001e99cd308c0_41 .array/port v000001e99cd308c0, 41;
E_000001e99ccdca10/10 .event anyedge, v000001e99cd308c0_38, v000001e99cd308c0_39, v000001e99cd308c0_40, v000001e99cd308c0_41;
v000001e99cd308c0_42 .array/port v000001e99cd308c0, 42;
v000001e99cd308c0_43 .array/port v000001e99cd308c0, 43;
v000001e99cd308c0_44 .array/port v000001e99cd308c0, 44;
v000001e99cd308c0_45 .array/port v000001e99cd308c0, 45;
E_000001e99ccdca10/11 .event anyedge, v000001e99cd308c0_42, v000001e99cd308c0_43, v000001e99cd308c0_44, v000001e99cd308c0_45;
v000001e99cd308c0_46 .array/port v000001e99cd308c0, 46;
v000001e99cd308c0_47 .array/port v000001e99cd308c0, 47;
v000001e99cd308c0_48 .array/port v000001e99cd308c0, 48;
v000001e99cd308c0_49 .array/port v000001e99cd308c0, 49;
E_000001e99ccdca10/12 .event anyedge, v000001e99cd308c0_46, v000001e99cd308c0_47, v000001e99cd308c0_48, v000001e99cd308c0_49;
v000001e99cd308c0_50 .array/port v000001e99cd308c0, 50;
v000001e99cd308c0_51 .array/port v000001e99cd308c0, 51;
v000001e99cd308c0_52 .array/port v000001e99cd308c0, 52;
v000001e99cd308c0_53 .array/port v000001e99cd308c0, 53;
E_000001e99ccdca10/13 .event anyedge, v000001e99cd308c0_50, v000001e99cd308c0_51, v000001e99cd308c0_52, v000001e99cd308c0_53;
v000001e99cd308c0_54 .array/port v000001e99cd308c0, 54;
v000001e99cd308c0_55 .array/port v000001e99cd308c0, 55;
v000001e99cd308c0_56 .array/port v000001e99cd308c0, 56;
v000001e99cd308c0_57 .array/port v000001e99cd308c0, 57;
E_000001e99ccdca10/14 .event anyedge, v000001e99cd308c0_54, v000001e99cd308c0_55, v000001e99cd308c0_56, v000001e99cd308c0_57;
v000001e99cd308c0_58 .array/port v000001e99cd308c0, 58;
v000001e99cd308c0_59 .array/port v000001e99cd308c0, 59;
v000001e99cd308c0_60 .array/port v000001e99cd308c0, 60;
v000001e99cd308c0_61 .array/port v000001e99cd308c0, 61;
E_000001e99ccdca10/15 .event anyedge, v000001e99cd308c0_58, v000001e99cd308c0_59, v000001e99cd308c0_60, v000001e99cd308c0_61;
v000001e99cd308c0_62 .array/port v000001e99cd308c0, 62;
v000001e99cd308c0_63 .array/port v000001e99cd308c0, 63;
v000001e99cd308c0_64 .array/port v000001e99cd308c0, 64;
v000001e99cd308c0_65 .array/port v000001e99cd308c0, 65;
E_000001e99ccdca10/16 .event anyedge, v000001e99cd308c0_62, v000001e99cd308c0_63, v000001e99cd308c0_64, v000001e99cd308c0_65;
v000001e99cd308c0_66 .array/port v000001e99cd308c0, 66;
v000001e99cd308c0_67 .array/port v000001e99cd308c0, 67;
v000001e99cd308c0_68 .array/port v000001e99cd308c0, 68;
v000001e99cd308c0_69 .array/port v000001e99cd308c0, 69;
E_000001e99ccdca10/17 .event anyedge, v000001e99cd308c0_66, v000001e99cd308c0_67, v000001e99cd308c0_68, v000001e99cd308c0_69;
v000001e99cd308c0_70 .array/port v000001e99cd308c0, 70;
v000001e99cd308c0_71 .array/port v000001e99cd308c0, 71;
v000001e99cd308c0_72 .array/port v000001e99cd308c0, 72;
v000001e99cd308c0_73 .array/port v000001e99cd308c0, 73;
E_000001e99ccdca10/18 .event anyedge, v000001e99cd308c0_70, v000001e99cd308c0_71, v000001e99cd308c0_72, v000001e99cd308c0_73;
v000001e99cd308c0_74 .array/port v000001e99cd308c0, 74;
v000001e99cd308c0_75 .array/port v000001e99cd308c0, 75;
v000001e99cd308c0_76 .array/port v000001e99cd308c0, 76;
v000001e99cd308c0_77 .array/port v000001e99cd308c0, 77;
E_000001e99ccdca10/19 .event anyedge, v000001e99cd308c0_74, v000001e99cd308c0_75, v000001e99cd308c0_76, v000001e99cd308c0_77;
v000001e99cd308c0_78 .array/port v000001e99cd308c0, 78;
v000001e99cd308c0_79 .array/port v000001e99cd308c0, 79;
v000001e99cd308c0_80 .array/port v000001e99cd308c0, 80;
v000001e99cd308c0_81 .array/port v000001e99cd308c0, 81;
E_000001e99ccdca10/20 .event anyedge, v000001e99cd308c0_78, v000001e99cd308c0_79, v000001e99cd308c0_80, v000001e99cd308c0_81;
v000001e99cd308c0_82 .array/port v000001e99cd308c0, 82;
v000001e99cd308c0_83 .array/port v000001e99cd308c0, 83;
v000001e99cd308c0_84 .array/port v000001e99cd308c0, 84;
v000001e99cd308c0_85 .array/port v000001e99cd308c0, 85;
E_000001e99ccdca10/21 .event anyedge, v000001e99cd308c0_82, v000001e99cd308c0_83, v000001e99cd308c0_84, v000001e99cd308c0_85;
v000001e99cd308c0_86 .array/port v000001e99cd308c0, 86;
v000001e99cd308c0_87 .array/port v000001e99cd308c0, 87;
v000001e99cd308c0_88 .array/port v000001e99cd308c0, 88;
v000001e99cd308c0_89 .array/port v000001e99cd308c0, 89;
E_000001e99ccdca10/22 .event anyedge, v000001e99cd308c0_86, v000001e99cd308c0_87, v000001e99cd308c0_88, v000001e99cd308c0_89;
v000001e99cd308c0_90 .array/port v000001e99cd308c0, 90;
v000001e99cd308c0_91 .array/port v000001e99cd308c0, 91;
v000001e99cd308c0_92 .array/port v000001e99cd308c0, 92;
v000001e99cd308c0_93 .array/port v000001e99cd308c0, 93;
E_000001e99ccdca10/23 .event anyedge, v000001e99cd308c0_90, v000001e99cd308c0_91, v000001e99cd308c0_92, v000001e99cd308c0_93;
v000001e99cd308c0_94 .array/port v000001e99cd308c0, 94;
v000001e99cd308c0_95 .array/port v000001e99cd308c0, 95;
v000001e99cd308c0_96 .array/port v000001e99cd308c0, 96;
v000001e99cd308c0_97 .array/port v000001e99cd308c0, 97;
E_000001e99ccdca10/24 .event anyedge, v000001e99cd308c0_94, v000001e99cd308c0_95, v000001e99cd308c0_96, v000001e99cd308c0_97;
v000001e99cd308c0_98 .array/port v000001e99cd308c0, 98;
v000001e99cd308c0_99 .array/port v000001e99cd308c0, 99;
v000001e99cd308c0_100 .array/port v000001e99cd308c0, 100;
v000001e99cd308c0_101 .array/port v000001e99cd308c0, 101;
E_000001e99ccdca10/25 .event anyedge, v000001e99cd308c0_98, v000001e99cd308c0_99, v000001e99cd308c0_100, v000001e99cd308c0_101;
v000001e99cd308c0_102 .array/port v000001e99cd308c0, 102;
v000001e99cd308c0_103 .array/port v000001e99cd308c0, 103;
v000001e99cd308c0_104 .array/port v000001e99cd308c0, 104;
v000001e99cd308c0_105 .array/port v000001e99cd308c0, 105;
E_000001e99ccdca10/26 .event anyedge, v000001e99cd308c0_102, v000001e99cd308c0_103, v000001e99cd308c0_104, v000001e99cd308c0_105;
v000001e99cd308c0_106 .array/port v000001e99cd308c0, 106;
v000001e99cd308c0_107 .array/port v000001e99cd308c0, 107;
v000001e99cd308c0_108 .array/port v000001e99cd308c0, 108;
v000001e99cd308c0_109 .array/port v000001e99cd308c0, 109;
E_000001e99ccdca10/27 .event anyedge, v000001e99cd308c0_106, v000001e99cd308c0_107, v000001e99cd308c0_108, v000001e99cd308c0_109;
v000001e99cd308c0_110 .array/port v000001e99cd308c0, 110;
v000001e99cd308c0_111 .array/port v000001e99cd308c0, 111;
v000001e99cd308c0_112 .array/port v000001e99cd308c0, 112;
v000001e99cd308c0_113 .array/port v000001e99cd308c0, 113;
E_000001e99ccdca10/28 .event anyedge, v000001e99cd308c0_110, v000001e99cd308c0_111, v000001e99cd308c0_112, v000001e99cd308c0_113;
v000001e99cd308c0_114 .array/port v000001e99cd308c0, 114;
v000001e99cd308c0_115 .array/port v000001e99cd308c0, 115;
v000001e99cd308c0_116 .array/port v000001e99cd308c0, 116;
v000001e99cd308c0_117 .array/port v000001e99cd308c0, 117;
E_000001e99ccdca10/29 .event anyedge, v000001e99cd308c0_114, v000001e99cd308c0_115, v000001e99cd308c0_116, v000001e99cd308c0_117;
v000001e99cd308c0_118 .array/port v000001e99cd308c0, 118;
v000001e99cd308c0_119 .array/port v000001e99cd308c0, 119;
v000001e99cd308c0_120 .array/port v000001e99cd308c0, 120;
v000001e99cd308c0_121 .array/port v000001e99cd308c0, 121;
E_000001e99ccdca10/30 .event anyedge, v000001e99cd308c0_118, v000001e99cd308c0_119, v000001e99cd308c0_120, v000001e99cd308c0_121;
v000001e99cd308c0_122 .array/port v000001e99cd308c0, 122;
v000001e99cd308c0_123 .array/port v000001e99cd308c0, 123;
v000001e99cd308c0_124 .array/port v000001e99cd308c0, 124;
v000001e99cd308c0_125 .array/port v000001e99cd308c0, 125;
E_000001e99ccdca10/31 .event anyedge, v000001e99cd308c0_122, v000001e99cd308c0_123, v000001e99cd308c0_124, v000001e99cd308c0_125;
v000001e99cd308c0_126 .array/port v000001e99cd308c0, 126;
v000001e99cd308c0_127 .array/port v000001e99cd308c0, 127;
v000001e99cd308c0_128 .array/port v000001e99cd308c0, 128;
v000001e99cd308c0_129 .array/port v000001e99cd308c0, 129;
E_000001e99ccdca10/32 .event anyedge, v000001e99cd308c0_126, v000001e99cd308c0_127, v000001e99cd308c0_128, v000001e99cd308c0_129;
v000001e99cd308c0_130 .array/port v000001e99cd308c0, 130;
v000001e99cd308c0_131 .array/port v000001e99cd308c0, 131;
v000001e99cd308c0_132 .array/port v000001e99cd308c0, 132;
v000001e99cd308c0_133 .array/port v000001e99cd308c0, 133;
E_000001e99ccdca10/33 .event anyedge, v000001e99cd308c0_130, v000001e99cd308c0_131, v000001e99cd308c0_132, v000001e99cd308c0_133;
v000001e99cd308c0_134 .array/port v000001e99cd308c0, 134;
v000001e99cd308c0_135 .array/port v000001e99cd308c0, 135;
v000001e99cd308c0_136 .array/port v000001e99cd308c0, 136;
v000001e99cd308c0_137 .array/port v000001e99cd308c0, 137;
E_000001e99ccdca10/34 .event anyedge, v000001e99cd308c0_134, v000001e99cd308c0_135, v000001e99cd308c0_136, v000001e99cd308c0_137;
v000001e99cd308c0_138 .array/port v000001e99cd308c0, 138;
v000001e99cd308c0_139 .array/port v000001e99cd308c0, 139;
v000001e99cd308c0_140 .array/port v000001e99cd308c0, 140;
v000001e99cd308c0_141 .array/port v000001e99cd308c0, 141;
E_000001e99ccdca10/35 .event anyedge, v000001e99cd308c0_138, v000001e99cd308c0_139, v000001e99cd308c0_140, v000001e99cd308c0_141;
v000001e99cd308c0_142 .array/port v000001e99cd308c0, 142;
v000001e99cd308c0_143 .array/port v000001e99cd308c0, 143;
v000001e99cd308c0_144 .array/port v000001e99cd308c0, 144;
v000001e99cd308c0_145 .array/port v000001e99cd308c0, 145;
E_000001e99ccdca10/36 .event anyedge, v000001e99cd308c0_142, v000001e99cd308c0_143, v000001e99cd308c0_144, v000001e99cd308c0_145;
v000001e99cd308c0_146 .array/port v000001e99cd308c0, 146;
v000001e99cd308c0_147 .array/port v000001e99cd308c0, 147;
v000001e99cd308c0_148 .array/port v000001e99cd308c0, 148;
v000001e99cd308c0_149 .array/port v000001e99cd308c0, 149;
E_000001e99ccdca10/37 .event anyedge, v000001e99cd308c0_146, v000001e99cd308c0_147, v000001e99cd308c0_148, v000001e99cd308c0_149;
v000001e99cd308c0_150 .array/port v000001e99cd308c0, 150;
v000001e99cd308c0_151 .array/port v000001e99cd308c0, 151;
v000001e99cd308c0_152 .array/port v000001e99cd308c0, 152;
v000001e99cd308c0_153 .array/port v000001e99cd308c0, 153;
E_000001e99ccdca10/38 .event anyedge, v000001e99cd308c0_150, v000001e99cd308c0_151, v000001e99cd308c0_152, v000001e99cd308c0_153;
v000001e99cd308c0_154 .array/port v000001e99cd308c0, 154;
v000001e99cd308c0_155 .array/port v000001e99cd308c0, 155;
v000001e99cd308c0_156 .array/port v000001e99cd308c0, 156;
v000001e99cd308c0_157 .array/port v000001e99cd308c0, 157;
E_000001e99ccdca10/39 .event anyedge, v000001e99cd308c0_154, v000001e99cd308c0_155, v000001e99cd308c0_156, v000001e99cd308c0_157;
v000001e99cd308c0_158 .array/port v000001e99cd308c0, 158;
v000001e99cd308c0_159 .array/port v000001e99cd308c0, 159;
v000001e99cd308c0_160 .array/port v000001e99cd308c0, 160;
v000001e99cd308c0_161 .array/port v000001e99cd308c0, 161;
E_000001e99ccdca10/40 .event anyedge, v000001e99cd308c0_158, v000001e99cd308c0_159, v000001e99cd308c0_160, v000001e99cd308c0_161;
v000001e99cd308c0_162 .array/port v000001e99cd308c0, 162;
v000001e99cd308c0_163 .array/port v000001e99cd308c0, 163;
v000001e99cd308c0_164 .array/port v000001e99cd308c0, 164;
v000001e99cd308c0_165 .array/port v000001e99cd308c0, 165;
E_000001e99ccdca10/41 .event anyedge, v000001e99cd308c0_162, v000001e99cd308c0_163, v000001e99cd308c0_164, v000001e99cd308c0_165;
v000001e99cd308c0_166 .array/port v000001e99cd308c0, 166;
v000001e99cd308c0_167 .array/port v000001e99cd308c0, 167;
v000001e99cd308c0_168 .array/port v000001e99cd308c0, 168;
v000001e99cd308c0_169 .array/port v000001e99cd308c0, 169;
E_000001e99ccdca10/42 .event anyedge, v000001e99cd308c0_166, v000001e99cd308c0_167, v000001e99cd308c0_168, v000001e99cd308c0_169;
v000001e99cd308c0_170 .array/port v000001e99cd308c0, 170;
v000001e99cd308c0_171 .array/port v000001e99cd308c0, 171;
v000001e99cd308c0_172 .array/port v000001e99cd308c0, 172;
v000001e99cd308c0_173 .array/port v000001e99cd308c0, 173;
E_000001e99ccdca10/43 .event anyedge, v000001e99cd308c0_170, v000001e99cd308c0_171, v000001e99cd308c0_172, v000001e99cd308c0_173;
v000001e99cd308c0_174 .array/port v000001e99cd308c0, 174;
v000001e99cd308c0_175 .array/port v000001e99cd308c0, 175;
v000001e99cd308c0_176 .array/port v000001e99cd308c0, 176;
v000001e99cd308c0_177 .array/port v000001e99cd308c0, 177;
E_000001e99ccdca10/44 .event anyedge, v000001e99cd308c0_174, v000001e99cd308c0_175, v000001e99cd308c0_176, v000001e99cd308c0_177;
v000001e99cd308c0_178 .array/port v000001e99cd308c0, 178;
v000001e99cd308c0_179 .array/port v000001e99cd308c0, 179;
v000001e99cd308c0_180 .array/port v000001e99cd308c0, 180;
v000001e99cd308c0_181 .array/port v000001e99cd308c0, 181;
E_000001e99ccdca10/45 .event anyedge, v000001e99cd308c0_178, v000001e99cd308c0_179, v000001e99cd308c0_180, v000001e99cd308c0_181;
v000001e99cd308c0_182 .array/port v000001e99cd308c0, 182;
v000001e99cd308c0_183 .array/port v000001e99cd308c0, 183;
v000001e99cd308c0_184 .array/port v000001e99cd308c0, 184;
v000001e99cd308c0_185 .array/port v000001e99cd308c0, 185;
E_000001e99ccdca10/46 .event anyedge, v000001e99cd308c0_182, v000001e99cd308c0_183, v000001e99cd308c0_184, v000001e99cd308c0_185;
v000001e99cd308c0_186 .array/port v000001e99cd308c0, 186;
v000001e99cd308c0_187 .array/port v000001e99cd308c0, 187;
v000001e99cd308c0_188 .array/port v000001e99cd308c0, 188;
v000001e99cd308c0_189 .array/port v000001e99cd308c0, 189;
E_000001e99ccdca10/47 .event anyedge, v000001e99cd308c0_186, v000001e99cd308c0_187, v000001e99cd308c0_188, v000001e99cd308c0_189;
v000001e99cd308c0_190 .array/port v000001e99cd308c0, 190;
v000001e99cd308c0_191 .array/port v000001e99cd308c0, 191;
v000001e99cd308c0_192 .array/port v000001e99cd308c0, 192;
v000001e99cd308c0_193 .array/port v000001e99cd308c0, 193;
E_000001e99ccdca10/48 .event anyedge, v000001e99cd308c0_190, v000001e99cd308c0_191, v000001e99cd308c0_192, v000001e99cd308c0_193;
v000001e99cd308c0_194 .array/port v000001e99cd308c0, 194;
v000001e99cd308c0_195 .array/port v000001e99cd308c0, 195;
v000001e99cd308c0_196 .array/port v000001e99cd308c0, 196;
v000001e99cd308c0_197 .array/port v000001e99cd308c0, 197;
E_000001e99ccdca10/49 .event anyedge, v000001e99cd308c0_194, v000001e99cd308c0_195, v000001e99cd308c0_196, v000001e99cd308c0_197;
v000001e99cd308c0_198 .array/port v000001e99cd308c0, 198;
v000001e99cd308c0_199 .array/port v000001e99cd308c0, 199;
v000001e99cd308c0_200 .array/port v000001e99cd308c0, 200;
v000001e99cd308c0_201 .array/port v000001e99cd308c0, 201;
E_000001e99ccdca10/50 .event anyedge, v000001e99cd308c0_198, v000001e99cd308c0_199, v000001e99cd308c0_200, v000001e99cd308c0_201;
v000001e99cd308c0_202 .array/port v000001e99cd308c0, 202;
v000001e99cd308c0_203 .array/port v000001e99cd308c0, 203;
v000001e99cd308c0_204 .array/port v000001e99cd308c0, 204;
v000001e99cd308c0_205 .array/port v000001e99cd308c0, 205;
E_000001e99ccdca10/51 .event anyedge, v000001e99cd308c0_202, v000001e99cd308c0_203, v000001e99cd308c0_204, v000001e99cd308c0_205;
v000001e99cd308c0_206 .array/port v000001e99cd308c0, 206;
v000001e99cd308c0_207 .array/port v000001e99cd308c0, 207;
v000001e99cd308c0_208 .array/port v000001e99cd308c0, 208;
v000001e99cd308c0_209 .array/port v000001e99cd308c0, 209;
E_000001e99ccdca10/52 .event anyedge, v000001e99cd308c0_206, v000001e99cd308c0_207, v000001e99cd308c0_208, v000001e99cd308c0_209;
v000001e99cd308c0_210 .array/port v000001e99cd308c0, 210;
v000001e99cd308c0_211 .array/port v000001e99cd308c0, 211;
v000001e99cd308c0_212 .array/port v000001e99cd308c0, 212;
v000001e99cd308c0_213 .array/port v000001e99cd308c0, 213;
E_000001e99ccdca10/53 .event anyedge, v000001e99cd308c0_210, v000001e99cd308c0_211, v000001e99cd308c0_212, v000001e99cd308c0_213;
v000001e99cd308c0_214 .array/port v000001e99cd308c0, 214;
v000001e99cd308c0_215 .array/port v000001e99cd308c0, 215;
v000001e99cd308c0_216 .array/port v000001e99cd308c0, 216;
v000001e99cd308c0_217 .array/port v000001e99cd308c0, 217;
E_000001e99ccdca10/54 .event anyedge, v000001e99cd308c0_214, v000001e99cd308c0_215, v000001e99cd308c0_216, v000001e99cd308c0_217;
v000001e99cd308c0_218 .array/port v000001e99cd308c0, 218;
v000001e99cd308c0_219 .array/port v000001e99cd308c0, 219;
v000001e99cd308c0_220 .array/port v000001e99cd308c0, 220;
v000001e99cd308c0_221 .array/port v000001e99cd308c0, 221;
E_000001e99ccdca10/55 .event anyedge, v000001e99cd308c0_218, v000001e99cd308c0_219, v000001e99cd308c0_220, v000001e99cd308c0_221;
v000001e99cd308c0_222 .array/port v000001e99cd308c0, 222;
v000001e99cd308c0_223 .array/port v000001e99cd308c0, 223;
v000001e99cd308c0_224 .array/port v000001e99cd308c0, 224;
v000001e99cd308c0_225 .array/port v000001e99cd308c0, 225;
E_000001e99ccdca10/56 .event anyedge, v000001e99cd308c0_222, v000001e99cd308c0_223, v000001e99cd308c0_224, v000001e99cd308c0_225;
v000001e99cd308c0_226 .array/port v000001e99cd308c0, 226;
v000001e99cd308c0_227 .array/port v000001e99cd308c0, 227;
v000001e99cd308c0_228 .array/port v000001e99cd308c0, 228;
v000001e99cd308c0_229 .array/port v000001e99cd308c0, 229;
E_000001e99ccdca10/57 .event anyedge, v000001e99cd308c0_226, v000001e99cd308c0_227, v000001e99cd308c0_228, v000001e99cd308c0_229;
v000001e99cd308c0_230 .array/port v000001e99cd308c0, 230;
v000001e99cd308c0_231 .array/port v000001e99cd308c0, 231;
v000001e99cd308c0_232 .array/port v000001e99cd308c0, 232;
v000001e99cd308c0_233 .array/port v000001e99cd308c0, 233;
E_000001e99ccdca10/58 .event anyedge, v000001e99cd308c0_230, v000001e99cd308c0_231, v000001e99cd308c0_232, v000001e99cd308c0_233;
v000001e99cd308c0_234 .array/port v000001e99cd308c0, 234;
v000001e99cd308c0_235 .array/port v000001e99cd308c0, 235;
v000001e99cd308c0_236 .array/port v000001e99cd308c0, 236;
v000001e99cd308c0_237 .array/port v000001e99cd308c0, 237;
E_000001e99ccdca10/59 .event anyedge, v000001e99cd308c0_234, v000001e99cd308c0_235, v000001e99cd308c0_236, v000001e99cd308c0_237;
v000001e99cd308c0_238 .array/port v000001e99cd308c0, 238;
v000001e99cd308c0_239 .array/port v000001e99cd308c0, 239;
v000001e99cd308c0_240 .array/port v000001e99cd308c0, 240;
v000001e99cd308c0_241 .array/port v000001e99cd308c0, 241;
E_000001e99ccdca10/60 .event anyedge, v000001e99cd308c0_238, v000001e99cd308c0_239, v000001e99cd308c0_240, v000001e99cd308c0_241;
v000001e99cd308c0_242 .array/port v000001e99cd308c0, 242;
v000001e99cd308c0_243 .array/port v000001e99cd308c0, 243;
v000001e99cd308c0_244 .array/port v000001e99cd308c0, 244;
v000001e99cd308c0_245 .array/port v000001e99cd308c0, 245;
E_000001e99ccdca10/61 .event anyedge, v000001e99cd308c0_242, v000001e99cd308c0_243, v000001e99cd308c0_244, v000001e99cd308c0_245;
v000001e99cd308c0_246 .array/port v000001e99cd308c0, 246;
v000001e99cd308c0_247 .array/port v000001e99cd308c0, 247;
v000001e99cd308c0_248 .array/port v000001e99cd308c0, 248;
v000001e99cd308c0_249 .array/port v000001e99cd308c0, 249;
E_000001e99ccdca10/62 .event anyedge, v000001e99cd308c0_246, v000001e99cd308c0_247, v000001e99cd308c0_248, v000001e99cd308c0_249;
v000001e99cd308c0_250 .array/port v000001e99cd308c0, 250;
v000001e99cd308c0_251 .array/port v000001e99cd308c0, 251;
v000001e99cd308c0_252 .array/port v000001e99cd308c0, 252;
v000001e99cd308c0_253 .array/port v000001e99cd308c0, 253;
E_000001e99ccdca10/63 .event anyedge, v000001e99cd308c0_250, v000001e99cd308c0_251, v000001e99cd308c0_252, v000001e99cd308c0_253;
v000001e99cd308c0_254 .array/port v000001e99cd308c0, 254;
v000001e99cd308c0_255 .array/port v000001e99cd308c0, 255;
E_000001e99ccdca10/64 .event anyedge, v000001e99cd308c0_254, v000001e99cd308c0_255, v000001e99ccd1ed0_0;
E_000001e99ccdca10 .event/or E_000001e99ccdca10/0, E_000001e99ccdca10/1, E_000001e99ccdca10/2, E_000001e99ccdca10/3, E_000001e99ccdca10/4, E_000001e99ccdca10/5, E_000001e99ccdca10/6, E_000001e99ccdca10/7, E_000001e99ccdca10/8, E_000001e99ccdca10/9, E_000001e99ccdca10/10, E_000001e99ccdca10/11, E_000001e99ccdca10/12, E_000001e99ccdca10/13, E_000001e99ccdca10/14, E_000001e99ccdca10/15, E_000001e99ccdca10/16, E_000001e99ccdca10/17, E_000001e99ccdca10/18, E_000001e99ccdca10/19, E_000001e99ccdca10/20, E_000001e99ccdca10/21, E_000001e99ccdca10/22, E_000001e99ccdca10/23, E_000001e99ccdca10/24, E_000001e99ccdca10/25, E_000001e99ccdca10/26, E_000001e99ccdca10/27, E_000001e99ccdca10/28, E_000001e99ccdca10/29, E_000001e99ccdca10/30, E_000001e99ccdca10/31, E_000001e99ccdca10/32, E_000001e99ccdca10/33, E_000001e99ccdca10/34, E_000001e99ccdca10/35, E_000001e99ccdca10/36, E_000001e99ccdca10/37, E_000001e99ccdca10/38, E_000001e99ccdca10/39, E_000001e99ccdca10/40, E_000001e99ccdca10/41, E_000001e99ccdca10/42, E_000001e99ccdca10/43, E_000001e99ccdca10/44, E_000001e99ccdca10/45, E_000001e99ccdca10/46, E_000001e99ccdca10/47, E_000001e99ccdca10/48, E_000001e99ccdca10/49, E_000001e99ccdca10/50, E_000001e99ccdca10/51, E_000001e99ccdca10/52, E_000001e99ccdca10/53, E_000001e99ccdca10/54, E_000001e99ccdca10/55, E_000001e99ccdca10/56, E_000001e99ccdca10/57, E_000001e99ccdca10/58, E_000001e99ccdca10/59, E_000001e99ccdca10/60, E_000001e99ccdca10/61, E_000001e99ccdca10/62, E_000001e99ccdca10/63, E_000001e99ccdca10/64;
S_000001e99cd32ba0 .scope module, "rom" "rom" 2 27, 8 3 0, S_000001e99cce2450;
 .timescale -8 -9;
    .port_info 0 /INPUT 8 "addr";
    .port_info 1 /OUTPUT 24 "data";
P_000001e99ccdc990 .param/l "BYTES" 0 8 8, +C4<00000000000000000000000100000000>;
v000001e99cd30960_0 .net *"_ivl_0", 7 0, L_000001e99cd34900;  1 drivers
L_000001e99d133080 .functor BUFT 1, C4<0000000000000000000000000>, C4<0>, C4<0>, C4<0>;
v000001e99cd31a40_0 .net *"_ivl_11", 24 0, L_000001e99d133080;  1 drivers
L_000001e99d1330c8 .functor BUFT 1, C4<000000000000000000000000000000001>, C4<0>, C4<0>, C4<0>;
v000001e99cd31ae0_0 .net/2u *"_ivl_12", 32 0, L_000001e99d1330c8;  1 drivers
v000001e99cd31e00_0 .net *"_ivl_14", 32 0, L_000001e99cd33000;  1 drivers
v000001e99cd31180_0 .net *"_ivl_16", 7 0, L_000001e99cd34c20;  1 drivers
v000001e99cd31fe0_0 .net *"_ivl_18", 32 0, L_000001e99cd32e20;  1 drivers
v000001e99cd32080_0 .net *"_ivl_2", 9 0, L_000001e99cd33fa0;  1 drivers
L_000001e99d133110 .functor BUFT 1, C4<0000000000000000000000000>, C4<0>, C4<0>, C4<0>;
v000001e99cd30500_0 .net *"_ivl_21", 24 0, L_000001e99d133110;  1 drivers
L_000001e99d133158 .functor BUFT 1, C4<000000000000000000000000000000010>, C4<0>, C4<0>, C4<0>;
v000001e99cd305a0_0 .net/2u *"_ivl_22", 32 0, L_000001e99d133158;  1 drivers
v000001e99cd30fa0_0 .net *"_ivl_24", 32 0, L_000001e99cd34220;  1 drivers
L_000001e99d133038 .functor BUFT 1, C4<00>, C4<0>, C4<0>, C4<0>;
v000001e99cd30640_0 .net *"_ivl_5", 1 0, L_000001e99d133038;  1 drivers
v000001e99cd306e0_0 .net *"_ivl_6", 7 0, L_000001e99cd33460;  1 drivers
v000001e99cd30dc0_0 .net *"_ivl_8", 32 0, L_000001e99cd345e0;  1 drivers
v000001e99cd30a00_0 .net "addr", 7 0, v000001e99ccd2d30_0;  alias, 1 drivers
v000001e99cd30b40_0 .net "data", 23 0, L_000001e99cd32f60;  alias, 1 drivers
v000001e99cd310e0 .array "mem", 0 255, 7 0;
L_000001e99cd34900 .array/port v000001e99cd310e0, L_000001e99cd33fa0;
L_000001e99cd33fa0 .concat [ 8 2 0 0], v000001e99ccd2d30_0, L_000001e99d133038;
L_000001e99cd33460 .array/port v000001e99cd310e0, L_000001e99cd33000;
L_000001e99cd345e0 .concat [ 8 25 0 0], v000001e99ccd2d30_0, L_000001e99d133080;
L_000001e99cd33000 .arith/sum 33, L_000001e99cd345e0, L_000001e99d1330c8;
L_000001e99cd34c20 .array/port v000001e99cd310e0, L_000001e99cd34220;
L_000001e99cd32e20 .concat [ 8 25 0 0], v000001e99ccd2d30_0, L_000001e99d133110;
L_000001e99cd34220 .arith/sum 33, L_000001e99cd32e20, L_000001e99d133158;
L_000001e99cd32f60 .concat [ 8 8 8 0], L_000001e99cd34c20, L_000001e99cd33460, L_000001e99cd34900;
    .scope S_000001e99cc9fc10;
T_0 ;
    %wait E_000001e99ccdca10;
    %load/vec4 v000001e99cd31900_0;
    %cmpi/e 0, 0, 1;
    %jmp/0xz  T_0.0, 4;
    %load/vec4 v000001e99cd30d20_0;
    %pad/u 10;
    %ix/vec4 4;
    %load/vec4a v000001e99cd308c0, 4;
    %store/vec4 v000001e99cd321c0_0, 0, 8;
    %vpi_call 7 20 "$write", "!%-5d: !READ_: ", $time {0 0 0};
    %vpi_call 7 21 "$write", "%x", v000001e99cd30d20_0 {0 0 0};
    %vpi_call 7 22 "$write", "   " {0 0 0};
    %vpi_call 7 23 "$write", "%x", v000001e99cd321c0_0 {0 0 0};
    %vpi_call 7 24 "$write", "\012" {0 0 0};
    %jmp T_0.1;
T_0.0 ;
    %pushi/vec4 255, 255, 8;
    %store/vec4 v000001e99cd321c0_0, 0, 8;
T_0.1 ;
    %jmp T_0;
    .thread T_0, $push;
    .scope S_000001e99cc9fc10;
T_1 ;
    %wait E_000001e99ccdc510;
    %load/vec4 v000001e99cd319a0_0;
    %cmpi/e 0, 0, 1;
    %jmp/0xz  T_1.0, 4;
    %load/vec4 v000001e99cd31860_0;
    %load/vec4 v000001e99cd30d20_0;
    %pad/u 10;
    %ix/vec4 3;
    %ix/load 4, 0, 0; Constant delay
    %assign/vec4/a/d v000001e99cd308c0, 0, 4;
    %vpi_call 7 31 "$write", "!%-5d: !WRITE_: ", $time {0 0 0};
    %vpi_call 7 32 "$write", "%x", v000001e99cd30d20_0 {0 0 0};
    %vpi_call 7 33 "$write", "   " {0 0 0};
    %vpi_call 7 34 "$write", "%x", v000001e99cd31860_0 {0 0 0};
    %vpi_call 7 35 "$write", "\012" {0 0 0};
T_1.0 ;
    %jmp T_1;
    .thread T_1;
    .scope S_000001e99cc9fc10;
T_2 ;
    %vpi_call 7 41 "$readmemh", "ram.txt", v000001e99cd308c0, 32'sb00000000000000000000000000000000, 32'sb00000000000000000000000011111111 {0 0 0};
    %end;
    .thread T_2;
    .scope S_000001e99cc9fc10;
T_3 ;
    %wait E_000001e99ccdc9d0;
    %vpi_call 7 43 "$write", "%3d: ", $time {0 0 0};
    %pushi/vec4 0, 0, 32;
    %store/vec4 v000001e99cd30780_0, 0, 32;
T_3.0 ;
    %load/vec4 v000001e99cd30780_0;
    %cmpi/s 48, 0, 32;
    %jmp/0xz T_3.1, 5;
    %ix/getv/s 4, v000001e99cd30780_0;
    %load/vec4a v000001e99cd308c0, 4;
    %cmpi/ne 255, 255, 8;
    %jmp/0xz  T_3.2, 6;
    %vpi_call 7 45 "$write", " %x ", &A<v000001e99cd308c0, v000001e99cd30780_0 > {0 0 0};
    %jmp T_3.3;
T_3.2 ;
    %vpi_call 7 46 "$write", " . " {0 0 0};
T_3.3 ;
    %load/vec4 v000001e99cd30780_0;
    %addi 1, 0, 32;
    %store/vec4 v000001e99cd30780_0, 0, 32;
    %jmp T_3.0;
T_3.1 ;
    %vpi_call 7 47 "$write", "\012" {0 0 0};
    %jmp T_3;
    .thread T_3;
    .scope S_000001e99cd32ba0;
T_4 ;
    %vpi_call 8 15 "$readmemh", "testRom.txt", v000001e99cd310e0, 32'sb00000000000000000000000000000000, 32'sb00000000000000000000000011111111 {0 0 0};
    %end;
    .thread T_4;
    .scope S_000001e99cc9f8f0;
T_5 ;
    %wait E_000001e99ccdc910;
    %load/vec4 v000001e99ccd1a70_0;
    %cmpi/e 0, 0, 1;
    %jmp/0xz  T_5.0, 4;
    %pushi/vec4 0, 0, 8;
    %assign/vec4 v000001e99ccd2d30_0, 0;
    %jmp T_5.1;
T_5.0 ;
    %load/vec4 v000001e99ccd2c90_0;
    %assign/vec4 v000001e99ccd2d30_0, 0;
T_5.1 ;
    %jmp T_5;
    .thread T_5;
    .scope S_000001e99cc9fa80;
T_6 ;
    %wait E_000001e99ccdc550;
    %load/vec4 v000001e99ccd3050_0;
    %cmpi/ne 0, 0, 3;
    %flag_mov 8, 4;
    %jmp/0 T_6.0, 8;
    %load/vec4 v000001e99ccd3050_0;
    %pad/u 5;
    %subi 1, 0, 5;
    %ix/vec4 4;
    %load/vec4a v000001e99ccd35f0, 4;
    %jmp/1 T_6.1, 8;
T_6.0 ; End of true expr.
    %pushi/vec4 0, 0, 8;
    %jmp/0 T_6.1, 8;
 ; End of false expr.
    %blend;
T_6.1;
    %store/vec4 v000001e99ccd1c50_0, 0, 8;
    %load/vec4 v000001e99ccd1b10_0;
    %cmpi/ne 0, 0, 3;
    %flag_mov 8, 4;
    %jmp/0 T_6.2, 8;
    %load/vec4 v000001e99ccd1b10_0;
    %pad/u 5;
    %subi 1, 0, 5;
    %ix/vec4 4;
    %load/vec4a v000001e99ccd35f0, 4;
    %jmp/1 T_6.3, 8;
T_6.2 ; End of true expr.
    %pushi/vec4 0, 0, 8;
    %jmp/0 T_6.3, 8;
 ; End of false expr.
    %blend;
T_6.3;
    %store/vec4 v000001e99ccd1cf0_0, 0, 8;
    %vpi_call 6 26 "$write", "%-5d: !!DecodePhase: \012", $time {0 0 0};
    %load/vec4 v000001e99ccd3050_0;
    %pad/u 5;
    %subi 1, 0, 5;
    %ix/vec4 4;
    %load/vec4a v000001e99ccd35f0, 4;
    %vpi_call 6 27 "$write", "       !!valAFetching: regNum:%o  content:%x  result:valA=%x \012", v000001e99ccd3050_0, S<0,vec4,u8>, v000001e99ccd1c50_0 {1 0 0};
    %load/vec4 v000001e99ccd1b10_0;
    %pad/u 5;
    %subi 1, 0, 5;
    %ix/vec4 4;
    %load/vec4a v000001e99ccd35f0, 4;
    %vpi_call 6 28 "$write", "      !!valBFetching: regNum:%o  content:%x  result:valB=%x \012", v000001e99ccd1b10_0, S<0,vec4,u8>, v000001e99ccd1cf0_0 {1 0 0};
    %jmp T_6;
    .thread T_6, $push;
    .scope S_000001e99cc9fa80;
T_7 ;
    %wait E_000001e99ccdc510;
    %load/vec4 v000001e99ccd1f70_0;
    %cmpi/e 0, 0, 1;
    %jmp/0xz  T_7.0, 4;
    %load/vec4 v000001e99ccd3550_0;
    %cmpi/ne 0, 0, 3;
    %jmp/0xz  T_7.2, 4;
    %load/vec4 v000001e99ccd1ed0_0;
    %load/vec4 v000001e99ccd3550_0;
    %pad/u 5;
    %subi 1, 0, 5;
    %ix/vec4 3;
    %ix/load 4, 0, 0; Constant delay
    %assign/vec4/a/d v000001e99ccd35f0, 0, 4;
    %vpi_call 6 38 "$write", "%-5d: !!!!MemoryAccessResult: ", $time {0 0 0};
    %vpi_call 6 39 "$write", "       !!!!regNum:%o  ", v000001e99ccd3550_0 {0 0 0};
    %vpi_call 6 40 "$write", "       !!!!valM: %x(x),%d(d) ", v000001e99ccd1ed0_0, v000001e99ccd1ed0_0 {0 0 0};
    %vpi_call 6 41 "$write", "\012" {0 0 0};
T_7.2 ;
    %load/vec4 v000001e99ccd2f10_0;
    %pushi/vec4 0, 0, 3;
    %cmp/ne;
    %flag_get/vec4 4;
    %load/vec4 v000001e99ccd2f10_0;
    %load/vec4 v000001e99ccd3550_0;
    %cmp/ne;
    %flag_get/vec4 4;
    %and;
    %flag_set/vec4 8;
    %jmp/0xz  T_7.4, 8;
    %load/vec4 v000001e99ccd1d90_0;
    %load/vec4 v000001e99ccd2f10_0;
    %pad/u 5;
    %subi 1, 0, 5;
    %ix/vec4 3;
    %ix/load 4, 0, 0; Constant delay
    %assign/vec4/a/d v000001e99ccd35f0, 0, 4;
    %vpi_call 6 45 "$write", "%-5d: !!!!ExecutionResult: ", $time {0 0 0};
    %vpi_call 6 46 "$write", "       !!!!regNum:%o  ", v000001e99ccd2f10_0 {0 0 0};
    %vpi_call 6 47 "$write", "       !!!!valE: %x(x),%d(d) ", v000001e99ccd1d90_0, v000001e99ccd1d90_0 {0 0 0};
    %vpi_call 6 48 "$write", "\012" {0 0 0};
T_7.4 ;
T_7.0 ;
    %jmp T_7;
    .thread T_7;
    .scope S_000001e99cce5d40;
T_8 ;
    %wait E_000001e99ccdc650;
    %pushi/vec4 255, 255, 8;
    %store/vec4 v000001e99ccd2830_0, 0, 8;
    %pushi/vec4 3, 3, 2;
    %store/vec4 v000001e99ccd2b50_0, 0, 2;
    %load/vec4 v000001e99ccd2bf0_0;
    %dup/vec4;
    %pushi/vec4 0, 0, 4;
    %cmp/u;
    %jmp/1 T_8.0, 6;
    %dup/vec4;
    %pushi/vec4 1, 0, 4;
    %cmp/u;
    %jmp/1 T_8.1, 6;
    %dup/vec4;
    %pushi/vec4 3, 0, 4;
    %cmp/u;
    %jmp/1 T_8.2, 6;
    %dup/vec4;
    %pushi/vec4 4, 0, 4;
    %cmp/u;
    %jmp/1 T_8.3, 6;
    %jmp T_8.4;
T_8.0 ;
    %load/vec4 v000001e99ccd1890_0;
    %load/vec4 v000001e99ccd2790_0;
    %add;
    %store/vec4 v000001e99ccd2830_0, 0, 8;
    %jmp T_8.4;
T_8.1 ;
    %load/vec4 v000001e99ccd1890_0;
    %load/vec4 v000001e99ccd2790_0;
    %sub;
    %store/vec4 v000001e99ccd2830_0, 0, 8;
    %load/vec4 v000001e99ccd2830_0;
    %nor/r;
    %pushi/vec4 0, 0, 32;
    %load/vec4 v000001e99ccd2830_0;
    %pad/s 32;
    %cmp/s;
    %flag_get/vec4 5;
    %concat/vec4; draw_concat_vec4
    %store/vec4 v000001e99ccd2b50_0, 0, 2;
    %jmp T_8.4;
T_8.2 ;
    %load/vec4 v000001e99ccd2790_0;
    %addi 1, 0, 8;
    %store/vec4 v000001e99ccd2830_0, 0, 8;
    %jmp T_8.4;
T_8.3 ;
    %load/vec4 v000001e99ccd2790_0;
    %subi 1, 0, 8;
    %store/vec4 v000001e99ccd2830_0, 0, 8;
    %jmp T_8.4;
T_8.4 ;
    %pop/vec4 1;
    %jmp T_8;
    .thread T_8, $push;
    .scope S_000001e99cce5bb0;
T_9 ;
    %wait E_000001e99ccdc890;
    %load/vec4 v000001e99cd31720_0;
    %load/vec4 v000001e99cd31d60_0;
    %parti/s 4, 20, 6;
    %cmpi/e 15, 0, 4;
    %flag_mov 8, 4;
    %jmp/0 T_9.0, 8;
    %pushi/vec4 0, 0, 8;
    %jmp/1 T_9.1, 8;
T_9.0 ; End of true expr.
    %load/vec4 v000001e99cd31d60_0;
    %parti/s 4, 20, 6;
    %cmpi/e 0, 0, 4;
    %flag_mov 9, 4;
    %load/vec4 v000001e99cd31d60_0;
    %parti/s 4, 20, 6;
    %cmpi/e 13, 0, 4;
    %flag_or 4, 9;
    %flag_mov 9, 4;
    %jmp/0 T_9.2, 9;
    %pushi/vec4 1, 0, 8;
    %jmp/1 T_9.3, 9;
T_9.2 ; End of true expr.
    %pushi/vec4 3, 0, 8;
    %jmp/0 T_9.3, 9;
 ; End of false expr.
    %blend;
T_9.3;
    %jmp/0 T_9.1, 8;
 ; End of false expr.
    %blend;
T_9.1;
    %add;
    %store/vec4 v000001e99cd31ea0_0, 0, 8;
    %load/vec4 v000001e99cd31d60_0;
    %parti/s 4, 20, 6;
    %cmpi/e 11, 0, 4;
    %flag_mov 8, 4;
    %jmp/0 T_9.4, 8;
    %load/vec4 v000001e99cd31d60_0;
    %parti/s 3, 12, 5;
    %jmp/1 T_9.5, 8;
T_9.4 ; End of true expr.
    %load/vec4 v000001e99cd31d60_0;
    %parti/s 4, 20, 6;
    %cmpi/e 1, 0, 4;
    %flag_mov 9, 4;
    %jmp/0 T_9.6, 9;
    %load/vec4 v000001e99cd31d60_0;
    %parti/s 3, 8, 5;
    %jmp/1 T_9.7, 9;
T_9.6 ; End of true expr.
    %pushi/vec4 0, 0, 3;
    %jmp/0 T_9.7, 9;
 ; End of false expr.
    %blend;
T_9.7;
    %jmp/0 T_9.5, 8;
 ; End of false expr.
    %blend;
T_9.5;
    %store/vec4 v000001e99cd303c0_0, 0, 3;
    %load/vec4 v000001e99cd31d60_0;
    %parti/s 4, 20, 6;
    %cmpi/e 10, 0, 4;
    %flag_mov 8, 4;
    %load/vec4 v000001e99cd31d60_0;
    %parti/s 4, 20, 6;
    %cmpi/e 11, 0, 4;
    %flag_or 4, 8;
    %flag_mov 8, 4;
    %load/vec4 v000001e99cd31d60_0;
    %parti/s 4, 20, 6;
    %cmpi/e 12, 0, 4;
    %flag_or 4, 8;
    %flag_mov 8, 4;
    %load/vec4 v000001e99cd31d60_0;
    %parti/s 4, 20, 6;
    %cmpi/e 13, 0, 4;
    %flag_or 4, 8;
    %flag_mov 8, 4;
    %jmp/0 T_9.8, 8;
    %pushi/vec4 7, 0, 3;
    %jmp/1 T_9.9, 8;
T_9.8 ; End of true expr.
    %load/vec4 v000001e99cd31d60_0;
    %parti/s 4, 20, 6;
    %cmpi/e 3, 0, 4;
    %flag_mov 9, 4;
    %jmp/0 T_9.10, 9;
    %load/vec4 v000001e99cd31d60_0;
    %parti/s 3, 4, 4;
    %jmp/1 T_9.11, 9;
T_9.10 ; End of true expr.
    %load/vec4 v000001e99cd31d60_0;
    %parti/s 4, 20, 6;
    %cmpi/e 4, 0, 4;
    %flag_mov 10, 4;
    %load/vec4 v000001e99cd31d60_0;
    %parti/s 4, 20, 6;
    %cmpi/e 6, 0, 4;
    %flag_or 4, 10;
    %flag_mov 10, 4;
    %load/vec4 v000001e99cd31d60_0;
    %parti/s 4, 20, 6;
    %cmpi/e 7, 0, 4;
    %flag_or 4, 10;
    %flag_mov 10, 4;
    %jmp/0 T_9.12, 10;
    %load/vec4 v000001e99cd31d60_0;
    %parti/s 3, 8, 5;
    %jmp/1 T_9.13, 10;
T_9.12 ; End of true expr.
    %pushi/vec4 0, 0, 3;
    %jmp/0 T_9.13, 10;
 ; End of false expr.
    %blend;
T_9.13;
    %jmp/0 T_9.11, 9;
 ; End of false expr.
    %blend;
T_9.11;
    %jmp/0 T_9.9, 8;
 ; End of false expr.
    %blend;
T_9.9;
    %store/vec4 v000001e99cd31220_0, 0, 3;
    %jmp T_9;
    .thread T_9, $push;
    .scope S_000001e99cce5bb0;
T_10 ;
    %wait E_000001e99ccdced0;
    %load/vec4 v000001e99cd31d60_0;
    %parti/s 4, 20, 6;
    %cmpi/e 7, 0, 4;
    %flag_mov 8, 4;
    %jmp/0 T_10.0, 8;
    %load/vec4 v000001e99cd317c0_0;
    %jmp/1 T_10.1, 8;
T_10.0 ; End of true expr.
    %load/vec4 v000001e99cd31d60_0;
    %parti/s 4, 20, 6;
    %cmpi/e 1, 0, 4;
    %flag_mov 9, 4;
    %load/vec4 v000001e99cd31d60_0;
    %parti/s 4, 20, 6;
    %cmpi/e 2, 0, 4;
    %flag_or 4, 9;
    %flag_mov 9, 4;
    %load/vec4 v000001e99cd31d60_0;
    %parti/s 4, 20, 6;
    %cmpi/e 4, 0, 4;
    %flag_or 4, 9;
    %flag_mov 9, 4;
    %load/vec4 v000001e99cd31d60_0;
    %parti/s 4, 20, 6;
    %load/vec4 v000001e99cd31d60_0;
    %parti/s 4, 16, 6;
    %concat/vec4; draw_concat_vec4
    %cmpi/e 80, 0, 8;
    %flag_or 4, 9;
    %flag_mov 9, 4;
    %load/vec4 v000001e99cd31d60_0;
    %parti/s 4, 20, 6;
    %cmpi/e 6, 0, 4;
    %flag_or 4, 9;
    %flag_mov 9, 4;
    %load/vec4 v000001e99cd31d60_0;
    %parti/s 4, 20, 6;
    %cmpi/e 8, 0, 4;
    %flag_or 4, 9;
    %flag_mov 9, 4;
    %jmp/0 T_10.2, 9;
    %load/vec4 v000001e99cd31d60_0;
    %parti/s 8, 0, 2;
    %jmp/1 T_10.3, 9;
T_10.2 ; End of true expr.
    %load/vec4 v000001e99cd30460_0;
    %jmp/0 T_10.3, 9;
 ; End of false expr.
    %blend;
T_10.3;
    %jmp/0 T_10.1, 8;
 ; End of false expr.
    %blend;
T_10.1;
    %store/vec4 v000001e99cd31400_0, 0, 8;
    %load/vec4 v000001e99cd31d60_0;
    %parti/s 4, 20, 6;
    %cmpi/e 11, 0, 4;
    %flag_mov 8, 4;
    %load/vec4 v000001e99cd31d60_0;
    %parti/s 4, 20, 6;
    %cmpi/e 13, 0, 4;
    %flag_or 4, 8;
    %flag_mov 8, 4;
    %jmp/0 T_10.4, 8;
    %pushi/vec4 4, 0, 4;
    %jmp/1 T_10.5, 8;
T_10.4 ; End of true expr.
    %load/vec4 v000001e99cd31d60_0;
    %parti/s 4, 20, 6;
    %cmpi/e 10, 0, 4;
    %flag_mov 9, 4;
    %load/vec4 v000001e99cd31d60_0;
    %parti/s 4, 20, 6;
    %cmpi/e 12, 0, 4;
    %flag_or 4, 9;
    %flag_mov 9, 4;
    %jmp/0 T_10.6, 9;
    %pushi/vec4 3, 0, 4;
    %jmp/1 T_10.7, 9;
T_10.6 ; End of true expr.
    %load/vec4 v000001e99cd31d60_0;
    %parti/s 4, 20, 6;
    %cmpi/e 6, 0, 4;
    %flag_mov 10, 4;
    %load/vec4 v000001e99cd31d60_0;
    %parti/s 4, 20, 6;
    %cmpi/e 8, 0, 4;
    %flag_or 4, 10;
    %flag_mov 10, 4;
    %load/vec4 v000001e99cd31d60_0;
    %parti/s 4, 20, 6;
    %cmpi/e 7, 0, 4;
    %flag_or 4, 10;
    %flag_mov 10, 4;
    %jmp/0 T_10.8, 10;
    %pushi/vec4 0, 0, 4;
    %jmp/1 T_10.9, 10;
T_10.8 ; End of true expr.
    %load/vec4 v000001e99cd31d60_0;
    %parti/s 4, 20, 6;
    %cmpi/e 3, 0, 4;
    %flag_mov 11, 4;
    %load/vec4 v000001e99cd31d60_0;
    %parti/s 4, 20, 6;
    %cmpi/e 4, 0, 4;
    %flag_or 4, 11;
    %flag_mov 11, 4;
    %jmp/0 T_10.10, 11;
    %load/vec4 v000001e99cd31d60_0;
    %parti/s 4, 16, 6;
    %jmp/1 T_10.11, 11;
T_10.10 ; End of true expr.
    %load/vec4 v000001e99cd31d60_0;
    %parti/s 4, 20, 6;
    %pushi/vec4 5, 0, 4;
    %cmp/e;
    %flag_get/vec4 4;
    %load/vec4 v000001e99cd31d60_0;
    %parti/s 4, 16, 6;
    %pushi/vec4 0, 0, 4;
    %cmp/ne;
    %flag_get/vec4 4;
    %and;
    %flag_set/vec4 12;
    %jmp/0 T_10.12, 12;
    %pushi/vec4 1, 0, 4;
    %jmp/1 T_10.13, 12;
T_10.12 ; End of true expr.
    %pushi/vec4 0, 0, 4;
    %jmp/0 T_10.13, 12;
 ; End of false expr.
    %blend;
T_10.13;
    %jmp/0 T_10.11, 11;
 ; End of false expr.
    %blend;
T_10.11;
    %jmp/0 T_10.9, 10;
 ; End of false expr.
    %blend;
T_10.9;
    %jmp/0 T_10.7, 9;
 ; End of false expr.
    %blend;
T_10.7;
    %jmp/0 T_10.5, 8;
 ; End of false expr.
    %blend;
T_10.5;
    %store/vec4 v000001e99cd314a0_0, 0, 4;
    %jmp T_10;
    .thread T_10, $push;
    .scope S_000001e99cce5bb0;
T_11 ;
    %wait E_000001e99ccdd010;
    %load/vec4 v000001e99cd31d60_0;
    %parti/s 4, 20, 6;
    %cmpi/e 1, 0, 4;
    %flag_mov 8, 4;
    %load/vec4 v000001e99cd31d60_0;
    %parti/s 4, 20, 6;
    %cmpi/e 11, 0, 4;
    %flag_or 4, 8;
    %flag_mov 8, 4;
    %load/vec4 v000001e99cd31d60_0;
    %parti/s 4, 20, 6;
    %cmpi/e 13, 0, 4;
    %flag_or 4, 8;
    %flag_mov 8, 4;
    %jmp/0 T_11.0, 8;
    %pushi/vec4 0, 0, 1;
    %jmp/1 T_11.1, 8;
T_11.0 ; End of true expr.
    %pushi/vec4 1, 0, 1;
    %jmp/0 T_11.1, 8;
 ; End of false expr.
    %blend;
T_11.1;
    %store/vec4 v000001e99cd31f40_0, 0, 1;
    %load/vec4 v000001e99cd32120_0;
    %load/vec4 v000001e99cd31d60_0;
    %parti/s 4, 20, 6;
    %pushi/vec4 2, 0, 4;
    %cmp/e;
    %flag_get/vec4 4;
    %load/vec4 v000001e99cd31d60_0;
    %parti/s 4, 20, 6;
    %pushi/vec4 10, 0, 4;
    %cmp/e;
    %flag_get/vec4 4;
    %or;
    %load/vec4 v000001e99cd31d60_0;
    %parti/s 4, 20, 6;
    %pushi/vec4 8, 0, 4;
    %cmp/e;
    %flag_get/vec4 4;
    %or;
    %load/vec4 v000001e99cd31d60_0;
    %parti/s 4, 20, 6;
    %pushi/vec4 12, 0, 4;
    %cmp/e;
    %flag_get/vec4 4;
    %or;
    %and;
    %flag_set/vec4 8;
    %jmp/0 T_11.2, 8;
    %pushi/vec4 0, 0, 1;
    %jmp/1 T_11.3, 8;
T_11.2 ; End of true expr.
    %pushi/vec4 1, 0, 1;
    %jmp/0 T_11.3, 8;
 ; End of false expr.
    %blend;
T_11.3;
    %store/vec4 v000001e99cd31540_0, 0, 1;
    %jmp T_11;
    .thread T_11, $push;
    .scope S_000001e99cce5bb0;
T_12 ;
    %wait E_000001e99ccdc810;
    %load/vec4 v000001e99cd31d60_0;
    %parti/s 4, 20, 6;
    %cmpi/e 12, 0, 4;
    %flag_mov 8, 4;
    %jmp/0 T_12.0, 8;
    %load/vec4 v000001e99cd31d60_0;
    %parti/s 8, 0, 2;
    %jmp/1 T_12.1, 8;
T_12.0 ; End of true expr.
    %load/vec4 v000001e99cd31d60_0;
    %parti/s 4, 20, 6;
    %cmpi/e 13, 0, 4;
    %flag_mov 9, 4;
    %jmp/0 T_12.2, 9;
    %load/vec4 v000001e99cd31b80_0;
    %jmp/1 T_12.3, 9;
T_12.2 ; End of true expr.
    %load/vec4 v000001e99cd31ea0_0;
    %jmp/0 T_12.3, 9;
 ; End of false expr.
    %blend;
T_12.3;
    %jmp/0 T_12.1, 8;
 ; End of false expr.
    %blend;
T_12.1;
    %store/vec4 v000001e99cd31680_0, 0, 8;
    %load/vec4 v000001e99cd31d60_0;
    %parti/s 4, 20, 6;
    %cmpi/e 12, 0, 4;
    %jmp/0xz  T_12.4, 4;
    %vpi_call 3 89 "$write", "----------!!CALL: %x\012", &PV<v000001e99cd31d60_0, 0, 8> {0 0 0};
T_12.4 ;
    %load/vec4 v000001e99cd31d60_0;
    %parti/s 4, 20, 6;
    %cmpi/e 13, 0, 4;
    %jmp/0xz  T_12.6, 4;
    %vpi_call 3 92 "$write", "----------!!RET: %x\012", v000001e99cd31b80_0 {0 0 0};
T_12.6 ;
    %load/vec4 v000001e99cd31d60_0;
    %parti/s 4, 20, 6;
    %load/vec4 v000001e99cd31d60_0;
    %parti/s 4, 16, 6;
    %concat/vec4; draw_concat_vec4
    %dup/vec4;
    %pushi/vec4 80, 0, 8;
    %cmp/u;
    %jmp/1 T_12.8, 6;
    %dup/vec4;
    %pushi/vec4 81, 0, 8;
    %cmp/u;
    %jmp/1 T_12.9, 6;
    %dup/vec4;
    %pushi/vec4 82, 0, 8;
    %cmp/u;
    %jmp/1 T_12.10, 6;
    %dup/vec4;
    %pushi/vec4 83, 0, 8;
    %cmp/u;
    %jmp/1 T_12.11, 6;
    %dup/vec4;
    %pushi/vec4 84, 0, 8;
    %cmp/u;
    %jmp/1 T_12.12, 6;
    %dup/vec4;
    %pushi/vec4 85, 0, 8;
    %cmp/u;
    %jmp/1 T_12.13, 6;
    %dup/vec4;
    %pushi/vec4 86, 0, 8;
    %cmp/u;
    %jmp/1 T_12.14, 6;
    %jmp T_12.15;
T_12.8 ;
    %load/vec4 v000001e99cd30e60_0;
    %store/vec4 v000001e99cd31680_0, 0, 8;
    %jmp T_12.15;
T_12.9 ;
    %load/vec4 v000001e99cd31c20_0;
    %parti/s 1, 1, 2;
    %flag_set/vec4 8;
    %jmp/0xz  T_12.16, 8;
    %load/vec4 v000001e99cd31d60_0;
    %parti/s 8, 0, 2;
    %store/vec4 v000001e99cd31680_0, 0, 8;
T_12.16 ;
    %jmp T_12.15;
T_12.10 ;
    %load/vec4 v000001e99cd31c20_0;
    %parti/s 1, 1, 2;
    %inv;
    %flag_set/vec4 8;
    %jmp/0xz  T_12.18, 8;
    %load/vec4 v000001e99cd31d60_0;
    %parti/s 8, 0, 2;
    %store/vec4 v000001e99cd31680_0, 0, 8;
T_12.18 ;
    %jmp T_12.15;
T_12.11 ;
    %load/vec4 v000001e99cd31c20_0;
    %parti/s 1, 1, 2;
    %inv;
    %load/vec4 v000001e99cd31c20_0;
    %parti/s 1, 0, 2;
    %inv;
    %and;
    %flag_set/vec4 8;
    %jmp/0xz  T_12.20, 8;
    %load/vec4 v000001e99cd31d60_0;
    %parti/s 8, 0, 2;
    %store/vec4 v000001e99cd31680_0, 0, 8;
T_12.20 ;
    %jmp T_12.15;
T_12.12 ;
    %load/vec4 v000001e99cd31c20_0;
    %parti/s 1, 1, 2;
    %inv;
    %load/vec4 v000001e99cd31c20_0;
    %parti/s 1, 0, 2;
    %and;
    %flag_set/vec4 8;
    %jmp/0xz  T_12.22, 8;
    %load/vec4 v000001e99cd31d60_0;
    %parti/s 8, 0, 2;
    %store/vec4 v000001e99cd31680_0, 0, 8;
T_12.22 ;
    %jmp T_12.15;
T_12.13 ;
    %load/vec4 v000001e99cd31c20_0;
    %parti/s 1, 1, 2;
    %load/vec4 v000001e99cd31c20_0;
    %parti/s 1, 0, 2;
    %inv;
    %or;
    %flag_set/vec4 8;
    %jmp/0xz  T_12.24, 8;
    %load/vec4 v000001e99cd31d60_0;
    %parti/s 8, 0, 2;
    %store/vec4 v000001e99cd31680_0, 0, 8;
T_12.24 ;
    %jmp T_12.15;
T_12.14 ;
    %load/vec4 v000001e99cd31c20_0;
    %parti/s 1, 1, 2;
    %load/vec4 v000001e99cd31c20_0;
    %parti/s 1, 0, 2;
    %or;
    %flag_set/vec4 8;
    %jmp/0xz  T_12.26, 8;
    %load/vec4 v000001e99cd31d60_0;
    %parti/s 8, 0, 2;
    %store/vec4 v000001e99cd31680_0, 0, 8;
T_12.26 ;
    %jmp T_12.15;
T_12.15 ;
    %pop/vec4 1;
    %jmp T_12;
    .thread T_12, $push;
    .scope S_000001e99cce2450;
T_13 ;
    %delay 5, 0;
    %load/vec4 v000001e99cd30aa0_0;
    %inv;
    %assign/vec4 v000001e99cd30aa0_0, 0;
    %jmp T_13;
    .thread T_13;
    .scope S_000001e99cce2450;
T_14 ;
    %pushi/vec4 1, 0, 1;
    %store/vec4 v000001e99cd30aa0_0, 0, 1;
    %pushi/vec4 0, 0, 1;
    %store/vec4 v000001e99cd33e60_0, 0, 1;
    %delay 15, 0;
    %pushi/vec4 1, 0, 1;
    %store/vec4 v000001e99cd33e60_0, 0, 1;
    %end;
    .thread T_14;
    .scope S_000001e99cce2450;
T_15 ;
    %wait E_000001e99ccdc9d0;
    %load/vec4 v000001e99cd33e60_0;
    %load/vec4 v000001e99cd32d80_0;
    %parti/s 4, 20, 6;
    %pushi/vec4 15, 0, 4;
    %cmp/e;
    %flag_get/vec4 4;
    %and;
    %flag_set/vec4 8;
    %jmp/0xz  T_15.0, 8;
    %delay 11, 0;
    %vpi_call 2 59 "$write", "%-5d, !!!!!!Program done!!!\012", $time {0 0 0};
    %vpi_call 2 60 "$finish" {0 0 0};
T_15.0 ;
    %jmp T_15;
    .thread T_15;
    .scope S_000001e99cce2450;
T_16 ;
    %vpi_call 2 64 "$dumpfile", "test.vcd" {0 0 0};
    %vpi_call 2 65 "$dumpvars", 32'sb00000000000000000000000000000000, S_000001e99cd32ba0 {0 0 0};
    %vpi_call 2 66 "$dumpvars", 32'sb00000000000000000000000000000000, S_000001e99cc9fc10 {0 0 0};
    %vpi_call 2 67 "$dumpvars", 32'sb00000000000000000000000000000000, S_000001e99cce5bb0 {0 0 0};
    %end;
    .thread T_16;
# The file index is used to find the file name in the following table.
:file_names 9;
    "N/A";
    "<interactive>";
    "test.v";
    "minicpu.v";
    "./alu.v";
    "./pc.v";
    "./regfile.v";
    "./ram.v";
    "./rom.v";
